<?xml version="1.0" encoding="UTF-8"?>
<!-- Generated by org.testng.reporters.JUnitReportReporter -->
<testsuite hostname="LAPTOP-J9KR8E39" failures="0" tests="2" name="testNG.CreateCampaignWithProductTestNG" time="41.562" errors="1" timestamp="2022-10-11T10:45:24 IST" skipped="1">
  <testcase classname="testNG.CreateCampaignWithProductTestNG" name="createCampaignWithProductTestNG" time="0.000">
    <skipped/>
  </testcase> <!-- createCampaignWithProductTestNG -->
  <system-out/>
  <testcase classname="testNG.CreateCampaignWithProductTestNG" name="BC" time="41.562">
    <error message="disconnected: unable to connect to renderer
  (failed to check if window was closed: disconnected: unable to connect to renderer)
  (Session info: chrome=106.0.5249.103)
Build info: version: &#039;3.141.59&#039;, revision: &#039;e82be7d358&#039;, time: &#039;2018-11-14T08:17:03&#039;
System info: host: &#039;LAPTOP-J9KR8E39&#039;, ip: &#039;192.168.43.178&#039;, os.name: &#039;Windows 10&#039;, os.arch: &#039;amd64&#039;, os.version: &#039;10.0&#039;, java.version: &#039;16.0.1&#039;
Driver info: driver.version: ChromeDriver
remote stacktrace: Backtrace:
	Ordinal0 [0x004D1ED3+2236115]
	Ordinal0 [0x004692F1+1807089]
	Ordinal0 [0x003766FD+812797]
	Ordinal0 [0x0036798A+752010]
	Ordinal0 [0x0035C754+706388]
	Ordinal0 [0x0035C4A4+705700]
	Ordinal0 [0x003C8215+1147413]
	Ordinal0 [0x003C7A6A+1145450]
	Ordinal0 [0x003C18A6+1120422]
	Ordinal0 [0x0039A73D+960317]
	Ordinal0 [0x0039B71F+964383]
	GetHandleVerifier [0x0077E7E2+2743074]
	GetHandleVerifier [0x007708D4+2685972]
	GetHandleVerifier [0x00562BAA+532202]
	GetHandleVerifier [0x00561990+527568]
	Ordinal0 [0x0047080C+1837068]
	Ordinal0 [0x00474CD8+1854680]
	Ordinal0 [0x00474DC5+1854917]
	Ordinal0 [0x0047ED64+1895780]
	BaseThreadInitThunk [0x75CDFA29+25]
	RtlGetAppContainerNamedObjectPath [0x77CD7B5E+286]
	RtlGetAppContainerNamedObjectPath [0x77CD7B2E+238]
" type="org.openqa.selenium.WebDriverException">
      <![CDATA[org.openqa.selenium.WebDriverException: disconnected: unable to connect to renderer
  (failed to check if window was closed: disconnected: unable to connect to renderer)
  (Session info: chrome=106.0.5249.103)
Build info: version: '3.141.59', revision: 'e82be7d358', time: '2018-11-14T08:17:03'
System info: host: 'LAPTOP-J9KR8E39', ip: '192.168.43.178', os.name: 'Windows 10', os.arch: 'amd64', os.version: '10.0', java.version: '16.0.1'
Driver info: driver.version: ChromeDriver
remote stacktrace: Backtrace:
Ordinal0 [0x004D1ED3+2236115]
Ordinal0 [0x004692F1+1807089]
Ordinal0 [0x003766FD+812797]
Ordinal0 [0x0036798A+752010]
Ordinal0 [0x0035C754+706388]
Ordinal0 [0x0035C4A4+705700]
Ordinal0 [0x003C8215+1147413]
Ordinal0 [0x003C7A6A+1145450]
Ordinal0 [0x003C18A6+1120422]
Ordinal0 [0x0039A73D+960317]
Ordinal0 [0x0039B71F+964383]
GetHandleVerifier [0x0077E7E2+2743074]
GetHandleVerifier [0x007708D4+2685972]
GetHandleVerifier [0x00562BAA+532202]
GetHandleVerifier [0x00561990+527568]
Ordinal0 [0x0047080C+1837068]
Ordinal0 [0x00474CD8+1854680]
Ordinal0 [0x00474DC5+1854917]
Ordinal0 [0x0047ED64+1895780]
BaseThreadInitThunk [0x75CDFA29+25]
RtlGetAppContainerNamedObjectPath [0x77CD7B5E+286]
RtlGetAppContainerNamedObjectPath [0x77CD7B2E+238]

at java.base/jdk.internal.reflect.NativeConstructorAccessorImpl.newInstance0(Native Method)
at java.base/jdk.internal.reflect.NativeConstructorAccessorImpl.newInstance(NativeConstructorAccessorImpl.java:78)
at java.base/jdk.internal.reflect.DelegatingConstructorAccessorImpl.newInstance(DelegatingConstructorAccessorImpl.java:45)
at java.base/java.lang.reflect.Constructor.newInstanceWithCaller(Constructor.java:499)
at java.base/java.lang.reflect.Constructor.newInstance(Constructor.java:480)
at org.openqa.selenium.remote.W3CHandshakeResponse.lambda$errorHandler$0(W3CHandshakeResponse.java:62)
at org.openqa.selenium.remote.HandshakeResponse.lambda$getResponseFunction$0(HandshakeResponse.java:30)
at org.openqa.selenium.remote.ProtocolHandshake.lambda$createSession$0(ProtocolHandshake.java:126)
at java.base/java.util.stream.ReferencePipeline$3$1.accept(ReferencePipeline.java:197)
at java.base/java.util.Spliterators$ArraySpliterator.tryAdvance(Spliterators.java:958)
at java.base/java.util.stream.ReferencePipeline.forEachWithCancel(ReferencePipeline.java:129)
at java.base/java.util.stream.AbstractPipeline.copyIntoWithCancel(AbstractPipeline.java:502)
at java.base/java.util.stream.AbstractPipeline.copyInto(AbstractPipeline.java:488)
at java.base/java.util.stream.AbstractPipeline.wrapAndCopyInto(AbstractPipeline.java:474)
at java.base/java.util.stream.FindOps$FindOp.evaluateSequential(FindOps.java:150)
at java.base/java.util.stream.AbstractPipeline.evaluate(AbstractPipeline.java:234)
at java.base/java.util.stream.ReferencePipeline.findFirst(ReferencePipeline.java:647)
at org.openqa.selenium.remote.ProtocolHandshake.createSession(ProtocolHandshake.java:128)
at org.openqa.selenium.remote.ProtocolHandshake.createSession(ProtocolHandshake.java:74)
at org.openqa.selenium.remote.HttpCommandExecutor.execute(HttpCommandExecutor.java:136)
at org.openqa.selenium.remote.service.DriverCommandExecutor.execute(DriverCommandExecutor.java:83)
at org.openqa.selenium.remote.RemoteWebDriver.execute(RemoteWebDriver.java:552)
at org.openqa.selenium.remote.RemoteWebDriver.startSession(RemoteWebDriver.java:213)
at org.openqa.selenium.remote.RemoteWebDriver.<init>(RemoteWebDriver.java:131)
at org.openqa.selenium.chrome.ChromeDriver.<init>(ChromeDriver.java:181)
at org.openqa.selenium.chrome.ChromeDriver.<init>(ChromeDriver.java:168)
at org.openqa.selenium.chrome.ChromeDriver.<init>(ChromeDriver.java:123)
at com.crm.Generic_Utilities.BaseClass.BC(BaseClass.java:50)
at java.base/jdk.internal.reflect.NativeMethodAccessorImpl.invoke0(Native Method)
at java.base/jdk.internal.reflect.NativeMethodAccessorImpl.invoke(NativeMethodAccessorImpl.java:78)
at java.base/jdk.internal.reflect.DelegatingMethodAccessorImpl.invoke(DelegatingMethodAccessorImpl.java:43)
at java.base/java.lang.reflect.Method.invoke(Method.java:567)
at org.testng.internal.MethodInvocationHelper.invokeMethod(MethodInvocationHelper.java:133)
at org.testng.internal.MethodInvocationHelper.invokeMethodConsideringTimeout(MethodInvocationHelper.java:62)
at org.testng.internal.ConfigInvoker.invokeConfigurationMethod(ConfigInvoker.java:385)
at org.testng.internal.ConfigInvoker.invokeConfigurations(ConfigInvoker.java:321)
at org.testng.internal.TestMethodWorker.invokeBeforeClassMethods(TestMethodWorker.java:176)
at org.testng.internal.TestMethodWorker.run(TestMethodWorker.java:122)
at java.base/java.util.ArrayList.forEach(ArrayList.java:1511)
at org.testng.TestRunner.privateRun(TestRunner.java:794)
at org.testng.TestRunner.run(TestRunner.java:596)
at org.testng.SuiteRunner.runTest(SuiteRunner.java:377)
at org.testng.SuiteRunner.runSequentially(SuiteRunner.java:371)
at org.testng.SuiteRunner.privateRun(SuiteRunner.java:332)
at org.testng.SuiteRunner.run(SuiteRunner.java:276)
at org.testng.SuiteRunnerWorker.runSuite(SuiteRunnerWorker.java:53)
at org.testng.SuiteRunnerWorker.run(SuiteRunnerWorker.java:96)
at org.testng.TestNG.runSuitesSequentially(TestNG.java:1212)
at org.testng.TestNG.runSuitesLocally(TestNG.java:1134)
at org.testng.TestNG.runSuites(TestNG.java:1063)
at org.testng.TestNG.run(TestNG.java:1031)
at org.testng.remote.AbstractRemoteTestNG.run(AbstractRemoteTestNG.java:115)
at org.testng.remote.RemoteTestNG.initAndRun(RemoteTestNG.java:251)
at org.testng.remote.RemoteTestNG.main(RemoteTestNG.java:77)
]]>
    </error>
  </testcase> <!-- BC -->
  <system-out/>
</testsuite> <!-- testNG.CreateCampaignWithProductTestNG -->
